
> harvest@1.0.0 start /Users/moayad/Documents/www/openAres/backend/harvest
> ts-node src/index.ts

init CGSPACE
Repeat indexing with Cron */8 * * * * for CGSPACE
{ index: 
   { _index: 'items-temp',
     _type: 'item',
     _id: 'CGSPACE_99611',
     status: 400,
     error: 
      { type: 'mapper_parsing_exception',
        reason: 'object mapping for [community] tried to parse field [null] as object, but found a concrete value' } } }
{ index: 
   { _index: 'items-temp',
     _type: 'item',
     _id: 'CGSPACE_100498',
     status: 400,
     error: 
      { type: 'mapper_parsing_exception',
        reason: 'object mapping for [community] tried to parse field [community] as object, but found a concrete value' } } }
{ index: 
   { _index: 'items-temp',
     _type: 'item',
     _id: 'CGSPACE_104076',
     status: 400,
     error: 
      { type: 'mapper_parsing_exception',
        reason: 'object mapping for [community] tried to parse field [community] as object, but found a concrete value' } } }
{ index: 
   { _index: 'items-temp',
     _type: 'item',
     _id: 'CGSPACE_80372',
     status: 400,
     error: 
      { type: 'mapper_parsing_exception',
        reason: 'object mapping for [community] tried to parse field [community] as object, but found a concrete value' } } }
{ index: 
   { _index: 'items-temp',
     _type: 'item',
     _id: 'CGSPACE_85279',
     status: 400,
     error: 
      { type: 'mapper_parsing_exception',
        reason: 'object mapping for [community] tried to parse field [community] as object, but found a concrete value' } } }
{ index: 
   { _index: 'items-temp',
     _type: 'item',
     _id: 'CGSPACE_86073',
     status: 400,
     error: 
      { type: 'mapper_parsing_exception',
        reason: 'object mapping for [community] tried to parse field [null] as object, but found a concrete value' } } }
{ index: 
   { _index: 'items-temp',
     _type: 'item',
     _id: 'CGSPACE_86076',
     status: 400,
     error: 
      { type: 'mapper_parsing_exception',
        reason: 'object mapping for [community] tried to parse field [null] as object, but found a concrete value' } } }
{ index: 
   { _index: 'items-temp',
     _type: 'item',
     _id: 'CGSPACE_90761',
     status: 400,
     error: 
      { type: 'mapper_parsing_exception',
        reason: 'object mapping for [community] tried to parse field [community] as object, but found a concrete value' } } }
{ index: 
   { _index: 'items-temp',
     _type: 'item',
     _id: 'CGSPACE_96157',
     status: 400,
     error: 
      { type: 'mapper_parsing_exception',
        reason: 'object mapping for [community] tried to parse field [community] as object, but found a concrete value' } } }
{ index: 
   { _index: 'items-temp',
     _type: 'item',
     _id: 'CGSPACE_96163',
     status: 400,
     error: 
      { type: 'mapper_parsing_exception',
        reason: 'object mapping for [community] tried to parse field [community] as object, but found a concrete value' } } }
{ index: 
   { _index: 'items-temp',
     _type: 'item',
     _id: 'CGSPACE_96159',
     status: 400,
     error: 
      { type: 'mapper_parsing_exception',
        reason: 'object mapping for [community] tried to parse field [community] as object, but found a concrete value' } } }
{ index: 
   { _index: 'items-temp',
     _type: 'item',
     _id: 'CGSPACE_96156',
     status: 400,
     error: 
      { type: 'mapper_parsing_exception',
        reason: 'object mapping for [community] tried to parse field [community] as object, but found a concrete value' } } }
{ index: 
   { _index: 'items-temp',
     _type: 'item',
     _id: 'CGSPACE_96154',
     status: 400,
     error: 
      { type: 'mapper_parsing_exception',
        reason: 'object mapping for [community] tried to parse field [community] as object, but found a concrete value' } } }
{ index: 
   { _index: 'items-temp',
     _type: 'item',
     _id: 'CGSPACE_100431',
     status: 400,
     error: 
      { type: 'mapper_parsing_exception',
        reason: 'object mapping for [community] tried to parse field [community] as object, but found a concrete value' } } }
{ index: 
   { _index: 'items-temp',
     _type: 'item',
     _id: 'CGSPACE_101041',
     status: 400,
     error: 
      { type: 'mapper_parsing_exception',
        reason: 'object mapping for [community] tried to parse field [community] as object, but found a concrete value' } } }
{ index: 
   { _index: 'items-temp',
     _type: 'item',
     _id: 'CGSPACE_101322',
     status: 400,
     error: 
      { type: 'mapper_parsing_exception',
        reason: 'object mapping for [community] tried to parse field [community] as object, but found a concrete value' } } }
{ index: 
   { _index: 'items-temp',
     _type: 'item',
     _id: 'CGSPACE_80970',
     status: 400,
     error: 
      { type: 'mapper_parsing_exception',
        reason: 'object mapping for [community] tried to parse field [community] as object, but found a concrete value' } } }
{ index: 
   { _index: 'items-temp',
     _type: 'item',
     _id: 'CGSPACE_104073',
     status: 400,
     error: 
      { type: 'mapper_parsing_exception',
        reason: 'object mapping for [community] tried to parse field [community] as object, but found a concrete value' } } }
{ index: 
   { _index: 'items-temp',
     _type: 'item',
     _id: 'CGSPACE_99947',
     status: 400,
     error: 
      { type: 'mapper_parsing_exception',
        reason: 'object mapping for [community] tried to parse field [null] as object, but found a concrete value' } } }
{ index: 
   { _index: 'items-temp',
     _type: 'item',
     _id: 'CGSPACE_99428',
     status: 400,
     error: 
      { type: 'mapper_parsing_exception',
        reason: 'object mapping for [community] tried to parse field [community] as object, but found a concrete value' } } }
{ index: 
   { _index: 'items-temp',
     _type: 'item',
     _id: 'CGSPACE_99609',
     status: 400,
     error: 
      { type: 'mapper_parsing_exception',
        reason: 'object mapping for [community] tried to parse field [null] as object, but found a concrete value' } } }
{ index: 
   { _index: 'items-temp',
     _type: 'item',
     _id: 'CGSPACE_99608',
     status: 400,
     error: 
      { type: 'mapper_parsing_exception',
        reason: 'object mapping for [community] tried to parse field [community] as object, but found a concrete value' } } }
{ index: 
   { _index: 'items-temp',
     _type: 'item',
     _id: 'CGSPACE_104117',
     status: 400,
     error: 
      { type: 'mapper_parsing_exception',
        reason: 'object mapping for [community] tried to parse field [community] as object, but found a concrete value' } } }
{ index: 
   { _index: 'items-temp',
     _type: 'item',
     _id: 'CGSPACE_99890',
     status: 400,
     error: 
      { type: 'mapper_parsing_exception',
        reason: 'object mapping for [community] tried to parse field [community] as object, but found a concrete value' } } }
{ index: 
   { _index: 'items-temp',
     _type: 'item',
     _id: 'CGSPACE_101909',
     status: 400,
     error: 
      { type: 'mapper_parsing_exception',
        reason: 'object mapping for [community] tried to parse field [community] as object, but found a concrete value' } } }
{ index: 
   { _index: 'items-temp',
     _type: 'item',
     _id: 'CGSPACE_99894',
     status: 400,
     error: 
      { type: 'mapper_parsing_exception',
        reason: 'object mapping for [community] tried to parse field [community] as object, but found a concrete value' } } }
{ index: 
   { _index: 'items-temp',
     _type: 'item',
     _id: 'CGSPACE_99893',
     status: 400,
     error: 
      { type: 'mapper_parsing_exception',
        reason: 'object mapping for [community] tried to parse field [community] as object, but found a concrete value' } } }
{ index: 
   { _index: 'items-temp',
     _type: 'item',
     _id: 'CGSPACE_99892',
     status: 400,
     error: 
      { type: 'mapper_parsing_exception',
        reason: 'object mapping for [community] tried to parse field [community] as object, but found a concrete value' } } }
{ index: 
   { _index: 'items-temp',
     _type: 'item',
     _id: 'CGSPACE_99405',
     status: 400,
     error: 
      { type: 'mapper_parsing_exception',
        reason: 'object mapping for [community] tried to parse field [community] as object, but found a concrete value' } } }
{ index: 
   { _index: 'items-temp',
     _type: 'item',
     _id: 'CGSPACE_104124',
     status: 400,
     error: 
      { type: 'mapper_parsing_exception',
        reason: 'object mapping for [community] tried to parse field [community] as object, but found a concrete value' } } }
{ index: 
   { _index: 'items-temp',
     _type: 'item',
     _id: 'CGSPACE_94325',
     status: 400,
     error: 
      { type: 'mapper_parsing_exception',
        reason: 'object mapping for [community] tried to parse field [null] as object, but found a concrete value' } } }
{ index: 
   { _index: 'items-temp',
     _type: 'item',
     _id: 'CGSPACE_96745',
     status: 400,
     error: 
      { type: 'mapper_parsing_exception',
        reason: 'object mapping for [community] tried to parse field [community] as object, but found a concrete value' } } }
{ index: 
   { _index: 'items-temp',
     _type: 'item',
     _id: 'CGSPACE_96740',
     status: 400,
     error: 
      { type: 'mapper_parsing_exception',
        reason: 'object mapping for [community] tried to parse field [null] as object, but found a concrete value' } } }
{ index: 
   { _index: 'items-temp',
     _type: 'item',
     _id: 'CGSPACE_96736',
     status: 400,
     error: 
      { type: 'mapper_parsing_exception',
        reason: 'object mapping for [community] tried to parse field [community] as object, but found a concrete value' } } }
{ index: 
   { _index: 'items-temp',
     _type: 'item',
     _id: 'CGSPACE_96711',
     status: 400,
     error: 
      { type: 'mapper_parsing_exception',
        reason: 'object mapping for [community] tried to parse field [community] as object, but found a concrete value' } } }
{ index: 
   { _index: 'items-temp',
     _type: 'item',
     _id: 'CGSPACE_96715',
     status: 400,
     error: 
      { type: 'mapper_parsing_exception',
        reason: 'object mapping for [community] tried to parse field [community] as object, but found a concrete value' } } }
{ index: 
   { _index: 'items-temp',
     _type: 'item',
     _id: 'CGSPACE_91887',
     status: 400,
     error: 
      { type: 'mapper_parsing_exception',
        reason: 'object mapping for [community] tried to parse field [community] as object, but found a concrete value' } } }
{ index: 
   { _index: 'items-temp',
     _type: 'item',
     _id: 'CGSPACE_94163',
     status: 400,
     error: 
      { type: 'mapper_parsing_exception',
        reason: 'object mapping for [community] tried to parse field [null] as object, but found a concrete value' } } }
{ index: 
   { _index: 'items-temp',
     _type: 'item',
     _id: 'CGSPACE_95209',
     status: 400,
     error: 
      { type: 'mapper_parsing_exception',
        reason: 'object mapping for [community] tried to parse field [null] as object, but found a concrete value' } } }
{ index: 
   { _index: 'items-temp',
     _type: 'item',
     _id: 'CGSPACE_95222',
     status: 400,
     error: 
      { type: 'mapper_parsing_exception',
        reason: 'object mapping for [community] tried to parse field [null] as object, but found a concrete value' } } }
{ index: 
   { _index: 'items-temp',
     _type: 'item',
     _id: 'CGSPACE_95223',
     status: 400,
     error: 
      { type: 'mapper_parsing_exception',
        reason: 'object mapping for [community] tried to parse field [community] as object, but found a concrete value' } } }
{ index: 
   { _index: 'items-temp',
     _type: 'item',
     _id: 'CGSPACE_96096',
     status: 400,
     error: 
      { type: 'mapper_parsing_exception',
        reason: 'object mapping for [community] tried to parse field [community] as object, but found a concrete value' } } }
{ index: 
   { _index: 'items-temp',
     _type: 'item',
     _id: 'CGSPACE_96136',
     status: 400,
     error: 
      { type: 'mapper_parsing_exception',
        reason: 'object mapping for [community] tried to parse field [community] as object, but found a concrete value' } } }
{ index: 
   { _index: 'items-temp',
     _type: 'item',
     _id: 'CGSPACE_96135',
     status: 400,
     error: 
      { type: 'mapper_parsing_exception',
        reason: 'object mapping for [community] tried to parse field [null] as object, but found a concrete value' } } }
{ index: 
   { _index: 'items-temp',
     _type: 'item',
     _id: 'CGSPACE_96125',
     status: 400,
     error: 
      { type: 'mapper_parsing_exception',
        reason: 'object mapping for [community] tried to parse field [community] as object, but found a concrete value' } } }
{ index: 
   { _index: 'items-temp',
     _type: 'item',
     _id: 'CGSPACE_96092',
     status: 400,
     error: 
      { type: 'mapper_parsing_exception',
        reason: 'object mapping for [community] tried to parse field [community] as object, but found a concrete value' } } }
{ index: 
   { _index: 'items-temp',
     _type: 'item',
     _id: 'CGSPACE_93662',
     status: 400,
     error: 
      { type: 'mapper_parsing_exception',
        reason: 'object mapping for [community] tried to parse field [community] as object, but found a concrete value' } } }
{ index: 
   { _index: 'items-temp',
     _type: 'item',
     _id: 'CGSPACE_95221',
     status: 400,
     error: 
      { type: 'mapper_parsing_exception',
        reason: 'object mapping for [community] tried to parse field [null] as object, but found a concrete value' } } }
{ index: 
   { _index: 'items-temp',
     _type: 'item',
     _id: 'CGSPACE_99425',
     status: 400,
     error: 
      { type: 'mapper_parsing_exception',
        reason: 'object mapping for [community] tried to parse field [null] as object, but found a concrete value' } } }
{ index: 
   { _index: 'items-temp',
     _type: 'item',
     _id: 'CGSPACE_96716',
     status: 400,
     error: 
      { type: 'mapper_parsing_exception',
        reason: 'object mapping for [community] tried to parse field [community] as object, but found a concrete value' } } }
{ index: 
   { _index: 'items-temp',
     _type: 'item',
     _id: 'CGSPACE_96734',
     status: 400,
     error: 
      { type: 'mapper_parsing_exception',
        reason: 'object mapping for [community] tried to parse field [community] as object, but found a concrete value' } } }
{ index: 
   { _index: 'items-temp',
     _type: 'item',
     _id: 'CGSPACE_99397',
     status: 400,
     error: 
      { type: 'mapper_parsing_exception',
        reason: 'object mapping for [community] tried to parse field [null] as object, but found a concrete value' } } }
{ index: 
   { _index: 'items-temp',
     _type: 'item',
     _id: 'CGSPACE_99424',
     status: 400,
     error: 
      { type: 'mapper_parsing_exception',
        reason: 'object mapping for [community] tried to parse field [null] as object, but found a concrete value' } } }
{ index: 
   { _index: 'items-temp',
     _type: 'item',
     _id: 'CGSPACE_96738',
     status: 400,
     error: 
      { type: 'mapper_parsing_exception',
        reason: 'object mapping for [community] tried to parse field [community] as object, but found a concrete value' } } }
{ index: 
   { _index: 'items-temp',
     _type: 'item',
     _id: 'CGSPACE_99396',
     status: 400,
     error: 
      { type: 'mapper_parsing_exception',
        reason: 'object mapping for [community] tried to parse field [community] as object, but found a concrete value' } } }
{ index: 
   { _index: 'items-temp',
     _type: 'item',
     _id: 'CGSPACE_99389',
     status: 400,
     error: 
      { type: 'mapper_parsing_exception',
        reason: 'object mapping for [community] tried to parse field [null] as object, but found a concrete value' } } }
{ index: 
   { _index: 'items-temp',
     _type: 'item',
     _id: 'CGSPACE_96737',
     status: 400,
     error: 
      { type: 'mapper_parsing_exception',
        reason: 'object mapping for [community] tried to parse field [community] as object, but found a concrete value' } } }
{ index: 
   { _index: 'items-temp',
     _type: 'item',
     _id: 'CGSPACE_99422',
     status: 400,
     error: 
      { type: 'mapper_parsing_exception',
        reason: 'object mapping for [community] tried to parse field [community] as object, but found a concrete value' } } }
{ index: 
   { _index: 'items-temp',
     _type: 'item',
     _id: 'CGSPACE_99390',
     status: 400,
     error: 
      { type: 'mapper_parsing_exception',
        reason: 'object mapping for [community] tried to parse field [community] as object, but found a concrete value' } } }
{ index: 
   { _index: 'items-temp',
     _type: 'item',
     _id: 'CGSPACE_96746',
     status: 400,
     error: 
      { type: 'mapper_parsing_exception',
        reason: 'object mapping for [community] tried to parse field [community] as object, but found a concrete value' } } }
{ index: 
   { _index: 'items-temp',
     _type: 'item',
     _id: 'CGSPACE_96700',
     status: 400,
     error: 
      { type: 'mapper_parsing_exception',
        reason: 'object mapping for [community] tried to parse field [community] as object, but found a concrete value' } } }
{ index: 
   { _index: 'items-temp',
     _type: 'item',
     _id: 'CGSPACE_93661',
     status: 400,
     error: 
      { type: 'mapper_parsing_exception',
        reason: 'object mapping for [community] tried to parse field [null] as object, but found a concrete value' } } }
{ index: 
   { _index: 'items-temp',
     _type: 'item',
     _id: 'CGSPACE_74770',
     status: 400,
     error: 
      { type: 'mapper_parsing_exception',
        reason: 'object mapping for [community] tried to parse field [null] as object, but found a concrete value' } } }
{ index: 
   { _index: 'items-temp',
     _type: 'item',
     _id: 'CGSPACE_92351',
     status: 400,
     error: 
      { type: 'mapper_parsing_exception',
        reason: 'object mapping for [community] tried to parse field [null] as object, but found a concrete value' } } }
{ index: 
   { _index: 'items-temp',
     _type: 'item',
     _id: 'CGSPACE_92345',
     status: 400,
     error: 
      { type: 'mapper_parsing_exception',
        reason: 'object mapping for [community] tried to parse field [null] as object, but found a concrete value' } } }
{ index: 
   { _index: 'items-temp',
     _type: 'item',
     _id: 'CGSPACE_91925',
     status: 400,
     error: 
      { type: 'mapper_parsing_exception',
        reason: 'object mapping for [community] tried to parse field [null] as object, but found a concrete value' } } }
{ index: 
   { _index: 'items-temp',
     _type: 'item',
     _id: 'CGSPACE_91846',
     status: 400,
     error: 
      { type: 'mapper_parsing_exception',
        reason: 'object mapping for [community] tried to parse field [null] as object, but found a concrete value' } } }
{ index: 
   { _index: 'items-temp',
     _type: 'item',
     _id: 'CGSPACE_90968',
     status: 400,
     error: 
      { type: 'mapper_parsing_exception',
        reason: 'object mapping for [community] tried to parse field [community] as object, but found a concrete value' } } }
{ index: 
   { _index: 'items-temp',
     _type: 'item',
     _id: 'CGSPACE_86060',
     status: 400,
     error: 
      { type: 'mapper_parsing_exception',
        reason: 'object mapping for [community] tried to parse field [null] as object, but found a concrete value' } } }
{ index: 
   { _index: 'items-temp',
     _type: 'item',
     _id: 'CGSPACE_85948',
     status: 400,
     error: 
      { type: 'mapper_parsing_exception',
        reason: 'object mapping for [community] tried to parse field [community] as object, but found a concrete value' } } }
{ index: 
   { _index: 'items-temp',
     _type: 'item',
     _id: 'CGSPACE_86043',
     status: 400,
     error: 
      { type: 'mapper_parsing_exception',
        reason: 'object mapping for [community] tried to parse field [community] as object, but found a concrete value' } } }
{ index: 
   { _index: 'items-temp',
     _type: 'item',
     _id: 'CGSPACE_85538',
     status: 400,
     error: 
      { type: 'mapper_parsing_exception',
        reason: 'object mapping for [community] tried to parse field [community] as object, but found a concrete value' } } }
{ index: 
   { _index: 'items-temp',
     _type: 'item',
     _id: 'CGSPACE_85531',
     status: 400,
     error: 
      { type: 'mapper_parsing_exception',
        reason: 'object mapping for [community] tried to parse field [null] as object, but found a concrete value' } } }
{ index: 
   { _index: 'items-temp',
     _type: 'item',
     _id: 'CGSPACE_85437',
     status: 400,
     error: 
      { type: 'mapper_parsing_exception',
        reason: 'object mapping for [community] tried to parse field [community] as object, but found a concrete value' } } }
{ index: 
   { _index: 'items-temp',
     _type: 'item',
     _id: 'CGSPACE_83440',
     status: 400,
     error: 
      { type: 'mapper_parsing_exception',
        reason: 'object mapping for [community] tried to parse field [null] as object, but found a concrete value' } } }
{ index: 
   { _index: 'items-temp',
     _type: 'item',
     _id: 'CGSPACE_85262',
     status: 400,
     error: 
      { type: 'mapper_parsing_exception',
        reason: 'object mapping for [community] tried to parse field [null] as object, but found a concrete value' } } }
{ index: 
   { _index: 'items-temp',
     _type: 'item',
     _id: 'CGSPACE_85056',
     status: 400,
     error: 
      { type: 'mapper_parsing_exception',
        reason: 'object mapping for [community] tried to parse field [null] as object, but found a concrete value' } } }
{ index: 
   { _index: 'items-temp',
     _type: 'item',
     _id: 'CGSPACE_85052',
     status: 400,
     error: 
      { type: 'mapper_parsing_exception',
        reason: 'object mapping for [community] tried to parse field [community] as object, but found a concrete value' } } }
{ index: 
   { _index: 'items-temp',
     _type: 'item',
     _id: 'CGSPACE_83999',
     status: 400,
     error: 
      { type: 'mapper_parsing_exception',
        reason: 'object mapping for [community] tried to parse field [community] as object, but found a concrete value' } } }
{ index: 
   { _index: 'items-temp',
     _type: 'item',
     _id: 'CGSPACE_83998',
     status: 400,
     error: 
      { type: 'mapper_parsing_exception',
        reason: 'object mapping for [community] tried to parse field [community] as object, but found a concrete value' } } }
{ index: 
   { _index: 'items-temp',
     _type: 'item',
     _id: 'CGSPACE_83176',
     status: 400,
     error: 
      { type: 'mapper_parsing_exception',
        reason: 'object mapping for [community] tried to parse field [null] as object, but found a concrete value' } } }
{ index: 
   { _index: 'items-temp',
     _type: 'item',
     _id: 'CGSPACE_82556',
     status: 400,
     error: 
      { type: 'mapper_parsing_exception',
        reason: 'object mapping for [community] tried to parse field [community] as object, but found a concrete value' } } }
{ index: 
   { _index: 'items-temp',
     _type: 'item',
     _id: 'CGSPACE_92342',
     status: 400,
     error: 
      { type: 'mapper_parsing_exception',
        reason: 'object mapping for [community] tried to parse field [community] as object, but found a concrete value' } } }
{ index: 
   { _index: 'items-temp',
     _type: 'item',
     _id: 'CGSPACE_82746',
     status: 400,
     error: 
      { type: 'mapper_parsing_exception',
        reason: 'object mapping for [community] tried to parse field [community] as object, but found a concrete value' } } }
{ index: 
   { _index: 'items-temp',
     _type: 'item',
     _id: 'CGSPACE_82330',
     status: 400,
     error: 
      { type: 'mapper_parsing_exception',
        reason: 'object mapping for [community] tried to parse field [community] as object, but found a concrete value' } } }
{ index: 
   { _index: 'items-temp',
     _type: 'item',
     _id: 'CGSPACE_82270',
     status: 400,
     error: 
      { type: 'mapper_parsing_exception',
        reason: 'object mapping for [community] tried to parse field [community] as object, but found a concrete value' } } }
{ index: 
   { _index: 'items-temp',
     _type: 'item',
     _id: 'CGSPACE_80590',
     status: 400,
     error: 
      { type: 'mapper_parsing_exception',
        reason: 'object mapping for [community] tried to parse field [community] as object, but found a concrete value' } } }
{ index: 
   { _index: 'items-temp',
     _type: 'item',
     _id: 'CGSPACE_80262',
     status: 400,
     error: 
      { type: 'mapper_parsing_exception',
        reason: 'object mapping for [community] tried to parse field [null] as object, but found a concrete value' } } }
{ index: 
   { _index: 'items-temp',
     _type: 'item',
     _id: 'CGSPACE_79288',
     status: 400,
     error: 
      { type: 'mapper_parsing_exception',
        reason: 'object mapping for [community] tried to parse field [community] as object, but found a concrete value' } } }
{ index: 
   { _index: 'items-temp',
     _type: 'item',
     _id: 'CGSPACE_79158',
     status: 400,
     error: 
      { type: 'mapper_parsing_exception',
        reason: 'object mapping for [community] tried to parse field [null] as object, but found a concrete value' } } }
{ index: 
   { _index: 'items-temp',
     _type: 'item',
     _id: 'CGSPACE_78580',
     status: 400,
     error: 
      { type: 'mapper_parsing_exception',
        reason: 'object mapping for [community] tried to parse field [community] as object, but found a concrete value' } } }
{ index: 
   { _index: 'items-temp',
     _type: 'item',
     _id: 'CGSPACE_75408',
     status: 400,
     error: 
      { type: 'mapper_parsing_exception',
        reason: 'object mapping for [community] tried to parse field [community] as object, but found a concrete value' } } }
{ index: 
   { _index: 'items-temp',
     _type: 'item',
     _id: 'CGSPACE_74935',
     status: 400,
     error: 
      { type: 'mapper_parsing_exception',
        reason: 'object mapping for [community] tried to parse field [community] as object, but found a concrete value' } } }
{ index: 
   { _index: 'items-temp',
     _type: 'item',
     _id: 'CGSPACE_74924',
     status: 400,
     error: 
      { type: 'mapper_parsing_exception',
        reason: 'object mapping for [community] tried to parse field [community] as object, but found a concrete value' } } }
{ index: 
   { _index: 'items-temp',
     _type: 'item',
     _id: 'CGSPACE_74920',
     status: 400,
     error: 
      { type: 'mapper_parsing_exception',
        reason: 'object mapping for [community] tried to parse field [community] as object, but found a concrete value' } } }
{ index: 
   { _index: 'items-temp',
     _type: 'item',
     _id: 'CGSPACE_71327',
     status: 400,
     error: 
      { type: 'mapper_parsing_exception',
        reason: 'object mapping for [community] tried to parse field [community] as object, but found a concrete value' } } }
{ index: 
   { _index: 'items-temp',
     _type: 'item',
     _id: 'CGSPACE_70335',
     status: 400,
     error: 
      { type: 'mapper_parsing_exception',
        reason: 'object mapping for [community] tried to parse field [community] as object, but found a concrete value' } } }
{ index: 
   { _index: 'items-temp',
     _type: 'item',
     _id: 'CGSPACE_70330',
     status: 400,
     error: 
      { type: 'mapper_parsing_exception',
        reason: 'object mapping for [community] tried to parse field [community] as object, but found a concrete value' } } }
{ index: 
   { _index: 'items-temp',
     _type: 'item',
     _id: 'CGSPACE_83307',
     status: 400,
     error: 
      { type: 'mapper_parsing_exception',
        reason: 'object mapping for [community] tried to parse field [null] as object, but found a concrete value' } } }
{ index: 
   { _index: 'items-temp',
     _type: 'item',
     _id: 'CGSPACE_82865',
     status: 400,
     error: 
      { type: 'mapper_parsing_exception',
        reason: 'object mapping for [community] tried to parse field [community] as object, but found a concrete value' } } }
{ index: 
   { _index: 'items-temp',
     _type: 'item',
     _id: 'CGSPACE_92478',
     status: 400,
     error: 
      { type: 'mapper_parsing_exception',
        reason: 'object mapping for [community] tried to parse field [null] as object, but found a concrete value' } } }
{ index: 
   { _index: 'items-temp',
     _type: 'item',
     _id: 'CGSPACE_79047',
     status: 400,
     error: 
      { type: 'mapper_parsing_exception',
        reason: 'object mapping for [community] tried to parse field [null] as object, but found a concrete value' } } }
{ index: 
   { _index: 'items-temp',
     _type: 'item',
     _id: 'CGSPACE_81002',
     status: 400,
     error: 
      { type: 'mapper_parsing_exception',
        reason: 'object mapping for [community] tried to parse field [null] as object, but found a concrete value' } } }
{ index: 
   { _index: 'items-temp',
     _type: 'item',
     _id: 'CGSPACE_82611',
     status: 400,
     error: 
      { type: 'mapper_parsing_exception',
        reason: 'object mapping for [community] tried to parse field [community] as object, but found a concrete value' } } }
{ index: 
   { _index: 'items-temp',
     _type: 'item',
     _id: 'CGSPACE_80512',
     status: 400,
     error: 
      { type: 'mapper_parsing_exception',
        reason: 'object mapping for [community] tried to parse field [null] as object, but found a concrete value' } } }
{ index: 
   { _index: 'items-temp',
     _type: 'item',
     _id: 'CGSPACE_83064',
     status: 400,
     error: 
      { type: 'mapper_parsing_exception',
        reason: 'object mapping for [community] tried to parse field [null] as object, but found a concrete value' } } }
{ index: 
   { _index: 'items-temp',
     _type: 'item',
     _id: 'CGSPACE_84972',
     status: 400,
     error: 
      { type: 'mapper_parsing_exception',
        reason: 'object mapping for [community] tried to parse field [community] as object, but found a concrete value' } } }
{ index: 
   { _index: 'items-temp',
     _type: 'item',
     _id: 'CGSPACE_104086',
     status: 400,
     error: 
      { type: 'mapper_parsing_exception',
        reason: 'object mapping for [community] tried to parse field [community] as object, but found a concrete value' } } }
{ index: 
   { _index: 'items-temp',
     _type: 'item',
     _id: 'CGSPACE_104093',
     status: 400,
     error: 
      { type: 'mapper_parsing_exception',
        reason: 'object mapping for [community] tried to parse field [null] as object, but found a concrete value' } } }
{ index: 
   { _index: 'items-temp',
     _type: 'item',
     _id: 'CGSPACE_104096',
     status: 400,
     error: 
      { type: 'mapper_parsing_exception',
        reason: 'object mapping for [community] tried to parse field [null] as object, but found a concrete value' } } }
{ index: 
   { _index: 'items-temp',
     _type: 'item',
     _id: 'CGSPACE_104095',
     status: 400,
     error: 
      { type: 'mapper_parsing_exception',
        reason: 'object mapping for [community] tried to parse field [community] as object, but found a concrete value' } } }
{ index: 
   { _index: 'items-temp',
     _type: 'item',
     _id: 'CGSPACE_104108',
     status: 400,
     error: 
      { type: 'mapper_parsing_exception',
        reason: 'object mapping for [community] tried to parse field [community] as object, but found a concrete value' } } }
{ index: 
   { _index: 'items-temp',
     _type: 'item',
     _id: 'CGSPACE_104102',
     status: 400,
     error: 
      { type: 'mapper_parsing_exception',
        reason: 'object mapping for [community] tried to parse field [null] as object, but found a concrete value' } } }
{ index: 
   { _index: 'items-temp',
     _type: 'item',
     _id: 'CGSPACE_104121',
     status: 400,
     error: 
      { type: 'mapper_parsing_exception',
        reason: 'object mapping for [community] tried to parse field [community] as object, but found a concrete value' } } }
{ index: 
   { _index: 'items-temp',
     _type: 'item',
     _id: 'CGSPACE_104123',
     status: 400,
     error: 
      { type: 'mapper_parsing_exception',
        reason: 'object mapping for [community] tried to parse field [community] as object, but found a concrete value' } } }
{ index: 
   { _index: 'items-temp',
     _type: 'item',
     _id: 'CGSPACE_104125',
     status: 400,
     error: 
      { type: 'mapper_parsing_exception',
        reason: 'object mapping for [community] tried to parse field [community] as object, but found a concrete value' } } }
{ index: 
   { _index: 'items-temp',
     _type: 'item',
     _id: 'CGSPACE_104126',
     status: 400,
     error: 
      { type: 'mapper_parsing_exception',
        reason: 'object mapping for [community] tried to parse field [community] as object, but found a concrete value' } } }
{ index: 
   { _index: 'items-temp',
     _type: 'item',
     _id: 'CGSPACE_104127',
     status: 400,
     error: 
      { type: 'mapper_parsing_exception',
        reason: 'object mapping for [community] tried to parse field [community] as object, but found a concrete value' } } }
{ index: 
   { _index: 'items-temp',
     _type: 'item',
     _id: 'CGSPACE_104128',
     status: 400,
     error: 
      { type: 'mapper_parsing_exception',
        reason: 'object mapping for [community] tried to parse field [community] as object, but found a concrete value' } } }
{ index: 
   { _index: 'items-temp',
     _type: 'item',
     _id: 'CGSPACE_104130',
     status: 400,
     error: 
      { type: 'mapper_parsing_exception',
        reason: 'object mapping for [community] tried to parse field [community] as object, but found a concrete value' } } }
{ index: 
   { _index: 'items-temp',
     _type: 'item',
     _id: 'CGSPACE_104131',
     status: 400,
     error: 
      { type: 'mapper_parsing_exception',
        reason: 'object mapping for [community] tried to parse field [null] as object, but found a concrete value' } } }
{ index: 
   { _index: 'items-temp',
     _type: 'item',
     _id: 'CGSPACE_104132',
     status: 400,
     error: 
      { type: 'mapper_parsing_exception',
        reason: 'object mapping for [community] tried to parse field [null] as object, but found a concrete value' } } }
{ index: 
   { _index: 'items-temp',
     _type: 'item',
     _id: 'CGSPACE_104133',
     status: 400,
     error: 
      { type: 'mapper_parsing_exception',
        reason: 'object mapping for [community] tried to parse field [community] as object, but found a concrete value' } } }
{ index: 
   { _index: 'items-temp',
     _type: 'item',
     _id: 'CGSPACE_104134',
     status: 400,
     error: 
      { type: 'mapper_parsing_exception',
        reason: 'object mapping for [community] tried to parse field [community] as object, but found a concrete value' } } }
{ index: 
   { _index: 'items-temp',
     _type: 'item',
     _id: 'CGSPACE_104138',
     status: 400,
     error: 
      { type: 'mapper_parsing_exception',
        reason: 'object mapping for [community] tried to parse field [community] as object, but found a concrete value' } } }
{ index: 
   { _index: 'items-temp',
     _type: 'item',
     _id: 'CGSPACE_104141',
     status: 400,
     error: 
      { type: 'mapper_parsing_exception',
        reason: 'object mapping for [community] tried to parse field [community] as object, but found a concrete value' } } }
{ index: 
   { _index: 'items-temp',
     _type: 'item',
     _id: 'CGSPACE_104142',
     status: 400,
     error: 
      { type: 'mapper_parsing_exception',
        reason: 'object mapping for [community] tried to parse field [community] as object, but found a concrete value' } } }
{ index: 
   { _index: 'items-temp',
     _type: 'item',
     _id: 'CGSPACE_104143',
     status: 400,
     error: 
      { type: 'mapper_parsing_exception',
        reason: 'object mapping for [community] tried to parse field [community] as object, but found a concrete value' } } }
{ index: 
   { _index: 'items-temp',
     _type: 'item',
     _id: 'CGSPACE_104144',
     status: 400,
     error: 
      { type: 'mapper_parsing_exception',
        reason: 'object mapping for [community] tried to parse field [null] as object, but found a concrete value' } } }
{ index: 
   { _index: 'items-temp',
     _type: 'item',
     _id: 'CGSPACE_104146',
     status: 400,
     error: 
      { type: 'mapper_parsing_exception',
        reason: 'object mapping for [community] tried to parse field [null] as object, but found a concrete value' } } }
{ index: 
   { _index: 'items-temp',
     _type: 'item',
     _id: 'CGSPACE_104148',
     status: 400,
     error: 
      { type: 'mapper_parsing_exception',
        reason: 'object mapping for [community] tried to parse field [community] as object, but found a concrete value' } } }
{ index: 
   { _index: 'items-temp',
     _type: 'item',
     _id: 'CGSPACE_104149',
     status: 400,
     error: 
      { type: 'mapper_parsing_exception',
        reason: 'object mapping for [community] tried to parse field [community] as object, but found a concrete value' } } }
{ index: 
   { _index: 'items-temp',
     _type: 'item',
     _id: 'CGSPACE_102391',
     status: 400,
     error: 
      { type: 'mapper_parsing_exception',
        reason: 'object mapping for [community] tried to parse field [community] as object, but found a concrete value' } } }
{ index: 
   { _index: 'items-temp',
     _type: 'item',
     _id: 'CGSPACE_104152',
     status: 400,
     error: 
      { type: 'mapper_parsing_exception',
        reason: 'object mapping for [community] tried to parse field [null] as object, but found a concrete value' } } }
{ index: 
   { _index: 'items-temp',
     _type: 'item',
     _id: 'CGSPACE_104154',
     status: 400,
     error: 
      { type: 'mapper_parsing_exception',
        reason: 'object mapping for [community] tried to parse field [null] as object, but found a concrete value' } } }
{ index: 
   { _index: 'items-temp',
     _type: 'item',
     _id: 'CGSPACE_104155',
     status: 400,
     error: 
      { type: 'mapper_parsing_exception',
        reason: 'object mapping for [community] tried to parse field [null] as object, but found a concrete value' } } }
{ index: 
   { _index: 'items-temp',
     _type: 'item',
     _id: 'CGSPACE_104158',
     status: 400,
     error: 
      { type: 'mapper_parsing_exception',
        reason: 'object mapping for [community] tried to parse field [community] as object, but found a concrete value' } } }
{ index: 
   { _index: 'items-temp',
     _type: 'item',
     _id: 'CGSPACE_104156',
     status: 400,
     error: 
      { type: 'mapper_parsing_exception',
        reason: 'object mapping for [community] tried to parse field [null] as object, but found a concrete value' } } }
{ index: 
   { _index: 'items-temp',
     _type: 'item',
     _id: 'CGSPACE_104157',
     status: 400,
     error: 
      { type: 'mapper_parsing_exception',
        reason: 'object mapping for [community] tried to parse field [null] as object, but found a concrete value' } } }
{ index: 
   { _index: 'items-temp',
     _type: 'item',
     _id: 'CGSPACE_104159',
     status: 400,
     error: 
      { type: 'mapper_parsing_exception',
        reason: 'object mapping for [community] tried to parse field [null] as object, but found a concrete value' } } }
{ index: 
   { _index: 'items-temp',
     _type: 'item',
     _id: 'CGSPACE_104163',
     status: 400,
     error: 
      { type: 'mapper_parsing_exception',
        reason: 'object mapping for [community] tried to parse field [community] as object, but found a concrete value' } } }
{ index: 
   { _index: 'items-temp',
     _type: 'item',
     _id: 'CGSPACE_104161',
     status: 400,
     error: 
      { type: 'mapper_parsing_exception',
        reason: 'object mapping for [community] tried to parse field [community] as object, but found a concrete value' } } }
{ index: 
   { _index: 'items-temp',
     _type: 'item',
     _id: 'CGSPACE_104162',
     status: 400,
     error: 
      { type: 'mapper_parsing_exception',
        reason: 'object mapping for [community] tried to parse field [community] as object, but found a concrete value' } } }
{ index: 
   { _index: 'items-temp',
     _type: 'item',
     _id: 'CGSPACE_104164',
     status: 400,
     error: 
      { type: 'mapper_parsing_exception',
        reason: 'object mapping for [community] tried to parse field [community] as object, but found a concrete value' } } }
{ index: 
   { _index: 'items-temp',
     _type: 'item',
     _id: 'CGSPACE_104165',
     status: 400,
     error: 
      { type: 'mapper_parsing_exception',
        reason: 'object mapping for [community] tried to parse field [community] as object, but found a concrete value' } } }
{ index: 
   { _index: 'items-temp',
     _type: 'item',
     _id: 'CGSPACE_102409',
     status: 400,
     error: 
      { type: 'mapper_parsing_exception',
        reason: 'object mapping for [community] tried to parse field [community] as object, but found a concrete value' } } }
{ index: 
   { _index: 'items-temp',
     _type: 'item',
     _id: 'CGSPACE_102327',
     status: 400,
     error: 
      { type: 'mapper_parsing_exception',
        reason: 'object mapping for [community] tried to parse field [community] as object, but found a concrete value' } } }
{ index: 
   { _index: 'items-temp',
     _type: 'item',
     _id: 'CGSPACE_104167',
     status: 400,
     error: 
      { type: 'mapper_parsing_exception',
        reason: 'object mapping for [community] tried to parse field [community] as object, but found a concrete value' } } }
{ index: 
   { _index: 'items-temp',
     _type: 'item',
     _id: 'CGSPACE_104168',
     status: 400,
     error: 
      { type: 'mapper_parsing_exception',
        reason: 'object mapping for [community] tried to parse field [null] as object, but found a concrete value' } } }
{ index: 
   { _index: 'items-temp',
     _type: 'item',
     _id: 'CGSPACE_103199',
     status: 400,
     error: 
      { type: 'mapper_parsing_exception',
        reason: 'object mapping for [community] tried to parse field [community] as object, but found a concrete value' } } }
{ index: 
   { _index: 'items-temp',
     _type: 'item',
     _id: 'CGSPACE_102398',
     status: 400,
     error: 
      { type: 'mapper_parsing_exception',
        reason: 'object mapping for [community] tried to parse field [community] as object, but found a concrete value' } } }
{ index: 
   { _index: 'items-temp',
     _type: 'item',
     _id: 'CGSPACE_104169',
     status: 400,
     error: 
      { type: 'mapper_parsing_exception',
        reason: 'object mapping for [community] tried to parse field [null] as object, but found a concrete value' } } }
{ index: 
   { _index: 'items-temp',
     _type: 'item',
     _id: 'CGSPACE_104170',
     status: 400,
     error: 
      { type: 'mapper_parsing_exception',
        reason: 'object mapping for [community] tried to parse field [community] as object, but found a concrete value' } } }
{ index: 
   { _index: 'items-temp',
     _type: 'item',
     _id: 'CGSPACE_104172',
     status: 400,
     error: 
      { type: 'mapper_parsing_exception',
        reason: 'object mapping for [community] tried to parse field [community] as object, but found a concrete value' } } }
All indexing finished
Starting AddOn's
start addOn  fixLanguage
Failed while updating document with formatted language,  [parse_exception] request body is required
start addOn  fixCountries
Failed while updating document with formatted country,  [parse_exception] request body is required
start addOn  altmetric
10568
start addOn  altmetric
20.500.12348
start addOn  DownloadsAndViews
0
1
2
3
4
5
item with id CGSPACE_9 is not exist
item with id CGSPACE_11 is not exist
item with id CGSPACE_12 is not exist
item with id CGSPACE_14 is not exist
item with id CGSPACE_15 is not exist
item with id CGSPACE_17 is not exist
item with id CGSPACE_18 is not exist
item with id CGSPACE_22 is not exist
item with id CGSPACE_23 is not exist
item with id CGSPACE_24 is not exist
item with id CGSPACE_25 is not exist
item with id CGSPACE_27 is not exist
item with id CGSPACE_28 is not exist
item with id CGSPACE_29 is not exist
item with id CGSPACE_31 is not exist
item with id CGSPACE_33 is not exist
item with id CGSPACE_34 is not exist
item with id CGSPACE_35 is not exist
item with id CGSPACE_36 is not exist
item with id CGSPACE_37 is not exist
item with id CGSPACE_38 is not exist
item with id CGSPACE_42 is not exist
item with id CGSPACE_43 is not exist
item with id CGSPACE_44 is not exist
item with id CGSPACE_45 is not exist
item with id CGSPACE_46 is not exist
item with id CGSPACE_47 is not exist
item with id CGSPACE_48 is not exist
item with id CGSPACE_49 is not exist
item with id CGSPACE_51 is not exist
item with id CGSPACE_52 is not exist
item with id CGSPACE_53 is not exist
item with id CGSPACE_54 is not exist
item with id CGSPACE_60 is not exist
item with id CGSPACE_61 is not exist
item with id CGSPACE_62 is not exist
item with id CGSPACE_63 is not exist
item with id CGSPACE_64 is not exist
item with id CGSPACE_65 is not exist
item with id CGSPACE_66 is not exist
item with id CGSPACE_68 is not exist
item with id CGSPACE_69 is not exist
item with id CGSPACE_70 is not exist
item with id CGSPACE_71 is not exist
item with id CGSPACE_72 is not exist
item with id CGSPACE_75 is not exist
item with id CGSPACE_76 is not exist
item with id CGSPACE_77 is not exist
item with id CGSPACE_78 is not exist
item with id CGSPACE_80 is not exist
item with id CGSPACE_85 is not exist
item with id CGSPACE_88 is not exist
item with id CGSPACE_90 is not exist
item with id CGSPACE_92 is not exist
item with id CGSPACE_93 is not exist
item with id CGSPACE_94 is not exist
item with id CGSPACE_96 is not exist
item with id CGSPACE_97 is not exist
item with id CGSPACE_99 is not exist
item with id CGSPACE_100 is not exist
item with id CGSPACE_101 is not exist
item with id CGSPACE_102 is not exist
item with id CGSPACE_105 is not exist
item with id CGSPACE_106 is not exist
item with id CGSPACE_109 is not exist
item with id CGSPACE_110 is not exist
item with id CGSPACE_112 is not exist
item with id CGSPACE_113 is not exist
item with id CGSPACE_119 is not exist
item with id CGSPACE_120 is not exist
item with id CGSPACE_121 is not exist
item with id CGSPACE_122 is not exist
item with id CGSPACE_123 is not exist
item with id CGSPACE_124 is not exist
item with id CGSPACE_125 is not exist
item with id CGSPACE_126 is not exist
item with id CGSPACE_127 is not exist
item with id CGSPACE_129 is not exist
item with id CGSPACE_130 is not exist
item with id CGSPACE_131 is not exist
item with id CGSPACE_132 is not exist
item with id CGSPACE_135 is not exist
item with id CGSPACE_137 is not exist
item with id CGSPACE_141 is not exist
item with id CGSPACE_142 is not exist
item with id CGSPACE_143 is not exist
item with id CGSPACE_145 is not exist
item with id CGSPACE_147 is not exist
item with id CGSPACE_148 is not exist
item with id CGSPACE_152 is not exist
item with id CGSPACE_156 is not exist
item with id CGSPACE_157 is not exist
item with id CGSPACE_158 is not exist
item with id CGSPACE_161 is not exist
item with id CGSPACE_162 is not exist
item with id CGSPACE_166 is not exist
item with id CGSPACE_167 is not exist
item with id CGSPACE_168 is not exist
item with id CGSPACE_169 is not exist
item with id CGSPACE_170 is not exist
item with id CGSPACE_171 is not exist
item with id CGSPACE_172 is not exist
item with id CGSPACE_173 is not exist
item with id CGSPACE_174 is not exist
item with id CGSPACE_175 is not exist
item with id CGSPACE_176 is not exist
item with id CGSPACE_177 is not exist
item with id CGSPACE_178 is not exist
item with id CGSPACE_179 is not exist
item with id CGSPACE_180 is not exist
item with id CGSPACE_182 is not exist
item with id CGSPACE_183 is not exist
item with id CGSPACE_185 is not exist
item with id CGSPACE_186 is not exist
item with id CGSPACE_187 is not exist
item with id CGSPACE_189 is not exist
item with id CGSPACE_190 is not exist
item with id CGSPACE_192 is not exist
item with id CGSPACE_193 is not exist
item with id CGSPACE_195 is not exist
item with id CGSPACE_196 is not exist
item with id CGSPACE_198 is not exist
item with id CGSPACE_199 is not exist
item with id CGSPACE_200 is not exist
item with id CGSPACE_201 is not exist
item with id CGSPACE_202 is not exist
item with id CGSPACE_204 is not exist
item with id CGSPACE_206 is not exist
item with id CGSPACE_207 is not exist
item with id CGSPACE_208 is not exist
item with id CGSPACE_209 is not exist
item with id CGSPACE_210 is not exist
item with id CGSPACE_211 is not exist
item with id CGSPACE_212 is not exist
item with id CGSPACE_214 is not exist
item with id CGSPACE_215 is not exist
item with id CGSPACE_216 is not exist
item with id CGSPACE_217 is not exist
item with id CGSPACE_218 is not exist
item with id CGSPACE_219 is not exist
item with id CGSPACE_220 is not exist
item with id CGSPACE_221 is not exist
item with id CGSPACE_222 is not exist
item with id CGSPACE_223 is not exist
item with id CGSPACE_224 is not exist
item with id CGSPACE_225 is not exist
item with id CGSPACE_226 is not exist
item with id CGSPACE_227 is not exist
item with id CGSPACE_228 is not exist
item with id CGSPACE_229 is not exist
item with id CGSPACE_230 is not exist
item with id CGSPACE_231 is not exist
item with id CGSPACE_232 is not exist
item with id CGSPACE_233 is not exist
item with id CGSPACE_234 is not exist
item with id CGSPACE_235 is not exist
item with id CGSPACE_236 is not exist
item with id CGSPACE_237 is not exist
item with id CGSPACE_238 is not exist
item with id CGSPACE_239 is not exist
item with id CGSPACE_240 is not exist
item with id CGSPACE_241 is not exist
item with id CGSPACE_242 is not exist
item with id CGSPACE_243 is not exist
item with id CGSPACE_244 is not exist
item with id CGSPACE_246 is not exist
item with id CGSPACE_247 is not exist
item with id CGSPACE_249 is not exist
item with id CGSPACE_251 is not exist
item with id CGSPACE_252 is not exist
item with id CGSPACE_253 is not exist
item with id CGSPACE_254 is not exist
item with id CGSPACE_257 is not exist
item with id CGSPACE_258 is not exist
item with id CGSPACE_259 is not exist
item with id CGSPACE_261 is not exist
item with id CGSPACE_262 is not exist
item with id CGSPACE_263 is not exist
item with id CGSPACE_265 is not exist
item with id CGSPACE_266 is not exist
item with id CGSPACE_267 is not exist
item with id CGSPACE_270 is not exist
item with id CGSPACE_271 is not exist
item with id CGSPACE_272 is not exist
item with id CGSPACE_273 is not exist
item with id CGSPACE_274 is not exist
item with id CGSPACE_275 is not exist
item with id CGSPACE_276 is not exist
item with id CGSPACE_277 is not exist
item with id CGSPACE_278 is not exist
item with id CGSPACE_279 is not exist
item with id CGSPACE_280 is not exist
item with id CGSPACE_281 is not exist
item with id CGSPACE_284 is not exist
item with id CGSPACE_285 is not exist
item with id CGSPACE_286 is not exist
item with id CGSPACE_288 is not exist
item with id CGSPACE_290 is not exist
item with id CGSPACE_292 is not exist
item with id CGSPACE_293 is not exist
item with id CGSPACE_294 is not exist
item with id CGSPACE_295 is not exist
item with id CGSPACE_296 is not exist
item with id CGSPACE_297 is not exist
item with id CGSPACE_298 is not exist
item with id CGSPACE_299 is not exist
item with id CGSPACE_300 is not exist
item with id CGSPACE_301 is not exist
item with id CGSPACE_302 is not exist
item with id CGSPACE_303 is not exist
item with id CGSPACE_304 is not exist
item with id CGSPACE_305 is not exist
item with id CGSPACE_306 is not exist
item with id CGSPACE_307 is not exist
item with id CGSPACE_308 is not exist
item with id CGSPACE_309 is not exist
item with id CGSPACE_310 is not exist
item with id CGSPACE_311 is not exist
item with id CGSPACE_312 is not exist
item with id CGSPACE_313 is not exist
item with id CGSPACE_314 is not exist
item with id CGSPACE_315 is not exist
item with id CGSPACE_316 is not exist
item with id CGSPACE_317 is not exist
item with id CGSPACE_318 is not exist
item with id CGSPACE_319 is not exist
item with id CGSPACE_320 is not exist
item with id CGSPACE_321 is not exist
item with id CGSPACE_322 is not exist
item with id CGSPACE_323 is not exist
item with id CGSPACE_325 is not exist
item with id CGSPACE_327 is not exist
item with id CGSPACE_328 is not exist
item with id CGSPACE_329 is not exist
item with id CGSPACE_331 is not exist
item with id CGSPACE_332 is not exist
item with id CGSPACE_333 is not exist
item with id CGSPACE_334 is not exist
item with id CGSPACE_335 is not exist
item with id CGSPACE_337 is not exist
item with id CGSPACE_338 is not exist
item with id CGSPACE_342 is not exist
item with id CGSPACE_343 is not exist
item with id CGSPACE_344 is not exist
item with id CGSPACE_346 is not exist
item with id CGSPACE_347 is not exist
item with id CGSPACE_348 is not exist
item with id CGSPACE_349 is not exist
item with id CGSPACE_350 is not exist
item with id CGSPACE_351 is not exist
item with id CGSPACE_352 is not exist
item with id CGSPACE_353 is not exist
item with id CGSPACE_354 is not exist
item with id CGSPACE_355 is not exist
item with id CGSPACE_356 is not exist
item with id CGSPACE_357 is not exist
item with id CGSPACE_358 is not exist
item with id CGSPACE_359 is not exist
item with id CGSPACE_360 is not exist
item with id CGSPACE_361 is not exist
item with id CGSPACE_362 is not exist
item with id CGSPACE_363 is not exist
item with id CGSPACE_364 is not exist
item with id CGSPACE_365 is not exist
item with id CGSPACE_366 is not exist
item with id CGSPACE_367 is not exist
item with id CGSPACE_368 is not exist
item with id CGSPACE_369 is not exist
item with id CGSPACE_370 is not exist
item with id CGSPACE_371 is not exist
item with id CGSPACE_372 is not exist
item with id CGSPACE_373 is not exist
item with id CGSPACE_374 is not exist
item with id CGSPACE_375 is not exist
item with id CGSPACE_376 is not exist
item with id CGSPACE_377 is not exist
item with id CGSPACE_378 is not exist
item with id CGSPACE_379 is not exist
item with id CGSPACE_380 is not exist
item with id CGSPACE_381 is not exist
item with id CGSPACE_382 is not exist
item with id CGSPACE_383 is not exist
item with id CGSPACE_384 is not exist
item with id CGSPACE_385 is not exist
item with id CGSPACE_386 is not exist
item with id CGSPACE_387 is not exist
item with id CGSPACE_388 is not exist
item with id CGSPACE_389 is not exist
item with id CGSPACE_390 is not exist
item with id CGSPACE_391 is not exist
item with id CGSPACE_393 is not exist
item with id CGSPACE_395 is not exist
item with id CGSPACE_397 is not exist
item with id CGSPACE_398 is not exist
item with id CGSPACE_399 is not exist
item with id CGSPACE_400 is not exist
item with id CGSPACE_401 is not exist
item with id CGSPACE_402 is not exist
item with id CGSPACE_403 is not exist
item with id CGSPACE_404 is not exist
item with id CGSPACE_405 is not exist
item with id CGSPACE_406 is not exist
item with id CGSPACE_407 is not exist
item with id CGSPACE_408 is not exist
item with id CGSPACE_409 is not exist
item with id CGSPACE_410 is not exist
item with id CGSPACE_411 is not exist
item with id CGSPACE_412 is not exist
item with id CGSPACE_413 is not exist
item with id CGSPACE_414 is not exist
item with id CGSPACE_415 is not exist
item with id CGSPACE_416 is not exist
item with id CGSPACE_418 is not exist
item with id CGSPACE_419 is not exist
item with id CGSPACE_420 is not exist
item with id CGSPACE_422 is not exist
item with id CGSPACE_424 is not exist
item with id CGSPACE_425 is not exist
item with id CGSPACE_426 is not exist
item with id CGSPACE_427 is not exist
item with id CGSPACE_428 is not exist
item with id CGSPACE_429 is not exist
item with id CGSPACE_430 is not exist
item with id CGSPACE_431 is not exist
item with id CGSPACE_432 is not exist
item with id CGSPACE_433 is not exist
item with id CGSPACE_434 is not exist
item with id CGSPACE_435 is not exist
item with id CGSPACE_436 is not exist
item with id CGSPACE_437 is not exist
item with id CGSPACE_439 is not exist
item with id CGSPACE_440 is not exist
item with id CGSPACE_441 is not exist
item with id CGSPACE_443 is not exist
item with id CGSPACE_444 is not exist
item with id CGSPACE_445 is not exist
item with id CGSPACE_446 is not exist
item with id CGSPACE_448 is not exist
item with id CGSPACE_449 is not exist
item with id CGSPACE_450 is not exist
item with id CGSPACE_451 is not exist
item with id CGSPACE_452 is not exist
item with id CGSPACE_462 is not exist
item with id CGSPACE_465 is not exist
item with id CGSPACE_466 is not exist
item with id CGSPACE_467 is not exist
item with id CGSPACE_468 is not exist
item with id CGSPACE_469 is not exist
item with id CGSPACE_470 is not exist
item with id CGSPACE_471 is not exist
item with id CGSPACE_472 is not exist
item with id CGSPACE_474 is not exist
item with id CGSPACE_475 is not exist
item with id CGSPACE_476 is not exist
item with id CGSPACE_478 is not exist
item with id CGSPACE_479 is not exist
item with id CGSPACE_480 is not exist
item with id CGSPACE_481 is not exist
item with id CGSPACE_483 is not exist
item with id CGSPACE_484 is not exist
item with id CGSPACE_485 is not exist
item with id CGSPACE_487 is not exist
item with id CGSPACE_488 is not exist
item with id CGSPACE_495 is not exist
item with id CGSPACE_496 is not exist
item with id CGSPACE_497 is not exist
item with id CGSPACE_499 is not exist
item with id CGSPACE_500 is not exist
item with id CGSPACE_502 is not exist
item with id CGSPACE_503 is not exist
item with id CGSPACE_504 is not exist
item with id CGSPACE_505 is not exist
item with id CGSPACE_510 is not exist
item with id CGSPACE_512 is not exist
item with id CGSPACE_513 is not exist
item with id CGSPACE_514 is not exist
item with id CGSPACE_515 is not exist
item with id CGSPACE_516 is not exist
item with id CGSPACE_517 is not exist
item with id CGSPACE_518 is not exist
item with id CGSPACE_519 is not exist
item with id CGSPACE_520 is not exist
item with id CGSPACE_521 is not exist
item with id CGSPACE_522 is not exist
item with id CGSPACE_524 is not exist
item with id CGSPACE_525 is not exist
item with id CGSPACE_526 is not exist
item with id CGSPACE_527 is not exist
item with id CGSPACE_528 is not exist
item with id CGSPACE_529 is not exist
item with id CGSPACE_530 is not exist
item with id CGSPACE_531 is not exist
item with id CGSPACE_532 is not exist
item with id CGSPACE_533 is not exist
item with id CGSPACE_534 is not exist
item with id CGSPACE_535 is not exist
item with id CGSPACE_536 is not exist
item with id CGSPACE_537 is not exist
item with id CGSPACE_538 is not exist
item with id CGSPACE_539 is not exist
item with id CGSPACE_540 is not exist
item with id CGSPACE_541 is not exist
item with id CGSPACE_542 is not exist
item with id CGSPACE_543 is not exist
item with id CGSPACE_544 is not exist
item with id CGSPACE_549 is not exist
item with id CGSPACE_550 is not exist
item with id CGSPACE_551 is not exist
item with id CGSPACE_553 is not exist
item with id CGSPACE_555 is not exist
item with id CGSPACE_556 is not exist
item with id CGSPACE_558 is not exist
item with id CGSPACE_559 is not exist
item with id CGSPACE_560 is not exist
item with id CGSPACE_561 is not exist
item with id CGSPACE_562 is not exist
item with id CGSPACE_563 is not exist
item with id CGSPACE_564 is not exist
item with id CGSPACE_565 is not exist
item with id CGSPACE_566 is not exist
item with id CGSPACE_568 is not exist
item with id CGSPACE_571 is not exist
item with id CGSPACE_574 is not exist
item with id CGSPACE_577 is not exist
item with id CGSPACE_578 is not exist
item with id CGSPACE_579 is not exist
item with id CGSPACE_580 is not exist
item with id CGSPACE_581 is not exist
item with id CGSPACE_583 is not exist
item with id CGSPACE_584 is not exist
item with id CGSPACE_585 is not exist
item with id CGSPACE_586 is not exist
item with id CGSPACE_587 is not exist
item with id CGSPACE_588 is not exist
item with id CGSPACE_589 is not exist
item with id CGSPACE_590 is not exist
item with id CGSPACE_592 is not exist
item with id CGSPACE_593 is not exist
item with id CGSPACE_594 is not exist
item with id CGSPACE_595 is not exist
item with id CGSPACE_596 is not exist
item with id CGSPACE_597 is not exist
item with id CGSPACE_598 is not exist
item with id CGSPACE_599 is not exist
item with id CGSPACE_600 is not exist
item with id CGSPACE_605 is not exist
item with id CGSPACE_606 is not exist
item with id CGSPACE_607 is not exist
item with id CGSPACE_608 is not exist
item with id CGSPACE_610 is not exist
item with id CGSPACE_613 is not exist
item with id CGSPACE_614 is not exist
item with id CGSPACE_615 is not exist
item with id CGSPACE_616 is not exist
item with id CGSPACE_617 is not exist
item with id CGSPACE_618 is not exist
item with id CGSPACE_619 is not exist
item with id CGSPACE_620 is not exist
item with id CGSPACE_621 is not exist
item with id CGSPACE_622 is not exist
item with id CGSPACE_623 is not exist
item with id CGSPACE_624 is not exist
item with id CGSPACE_625 is not exist
item with id CGSPACE_626 is not exist
item with id CGSPACE_627 is not exist
item with id CGSPACE_628 is not exist
item with id CGSPACE_629 is not exist
item with id CGSPACE_630 is not exist
item with id CGSPACE_631 is not exist
item with id CGSPACE_632 is not exist
item with id CGSPACE_633 is not exist
item with id CGSPACE_634 is not exist
item with id CGSPACE_635 is not exist
item with id CGSPACE_636 is not exist
item with id CGSPACE_637 is not exist
item with id CGSPACE_638 is not exist
item with id CGSPACE_639 is not exist
item with id CGSPACE_640 is not exist
item with id CGSPACE_641 is not exist
item with id CGSPACE_642 is not exist
item with id CGSPACE_643 is not exist
item with id CGSPACE_648 is not exist
item with id CGSPACE_649 is not exist
item with id CGSPACE_651 is not exist
item with id CGSPACE_654 is not exist
item with id CGSPACE_656 is not exist
item with id CGSPACE_657 is not exist
item with id CGSPACE_658 is not exist
item with id CGSPACE_659 is not exist
item with id CGSPACE_660 is not exist
item with id CGSPACE_661 is not exist
item with id CGSPACE_662 is not exist
item with id CGSPACE_663 is not exist
item with id CGSPACE_664 is not exist
item with id CGSPACE_665 is not exist
item with id CGSPACE_670 is not exist
item with id CGSPACE_673 is not exist
item with id CGSPACE_682 is not exist
item with id CGSPACE_683 is not exist
item with id CGSPACE_684 is not exist
AddOn's finished
[ 'All languages done 0',
  'All countries done 0',
  'altmetric done',
  'altmetric done',
  'Done updating downloads and views' ]
Cleared items-final.
Reindexing complete.
Cleared items-temp.
total in items-temp after clearing:  0
Switched alias pointer back to index config.final_index.
